
> @repo/client@1.0.0 build /Users/cybernated/Study/mentorium-frontend/apps/client
> next build

  [1m[38;2;173;127;168m▲ Next.js 14.2.3[39m[22m
  - Environments: .env

 [37m[1m [22m[39m Creating an optimized production build ...
(node:81722) [DEP0040] DeprecationWarning: The `punycode` module is deprecated. Please use a userland alternative instead.
(Use `node --trace-deprecation ...` to show where the warning was created)
<w> [webpack.cache.PackFileCacheStrategy] Serializing big strings (125kiB) impacts deserialization performance (consider using Buffer instead and decode when needed)
<w> [webpack.cache.PackFileCacheStrategy] Serializing big strings (122kiB) impacts deserialization performance (consider using Buffer instead and decode when needed)
<w> [webpack.cache.PackFileCacheStrategy] Serializing big strings (123kiB) impacts deserialization performance (consider using Buffer instead and decode when needed)
<w> [webpack.cache.PackFileCacheStrategy] Serializing big strings (123kiB) impacts deserialization performance (consider using Buffer instead and decode when needed)
<w> [webpack.cache.PackFileCacheStrategy] Serializing big strings (123kiB) impacts deserialization performance (consider using Buffer instead and decode when needed)
<w> [webpack.cache.PackFileCacheStrategy] Serializing big strings (123kiB) impacts deserialization performance (consider using Buffer instead and decode when needed)
<w> [webpack.cache.PackFileCacheStrategy] Serializing big strings (123kiB) impacts deserialization performance (consider using Buffer instead and decode when needed)
<w> [webpack.cache.PackFileCacheStrategy] Serializing big strings (123kiB) impacts deserialization performance (consider using Buffer instead and decode when needed)
<w> [webpack.cache.PackFileCacheStrategy] Serializing big strings (123kiB) impacts deserialization performance (consider using Buffer instead and decode when needed)
<w> [webpack.cache.PackFileCacheStrategy] Serializing big strings (124kiB) impacts deserialization performance (consider using Buffer instead and decode when needed)
<w> [webpack.cache.PackFileCacheStrategy] Serializing big strings (124kiB) impacts deserialization performance (consider using Buffer instead and decode when needed)
<w> [webpack.cache.PackFileCacheStrategy] Serializing big strings (123kiB) impacts deserialization performance (consider using Buffer instead and decode when needed)
<w> [webpack.cache.PackFileCacheStrategy] Serializing big strings (124kiB) impacts deserialization performance (consider using Buffer instead and decode when needed)
<w> [webpack.cache.PackFileCacheStrategy] Serializing big strings (123kiB) impacts deserialization performance (consider using Buffer instead and decode when needed)
<w> [webpack.cache.PackFileCacheStrategy] Serializing big strings (123kiB) impacts deserialization performance (consider using Buffer instead and decode when needed)
<w> [webpack.cache.PackFileCacheStrategy] Serializing big strings (124kiB) impacts deserialization performance (consider using Buffer instead and decode when needed)
<w> [webpack.cache.PackFileCacheStrategy] Serializing big strings (123kiB) impacts deserialization performance (consider using Buffer instead and decode when needed)
<w> [webpack.cache.PackFileCacheStrategy] Serializing big strings (125kiB) impacts deserialization performance (consider using Buffer instead and decode when needed)
<w> [webpack.cache.PackFileCacheStrategy] Serializing big strings (122kiB) impacts deserialization performance (consider using Buffer instead and decode when needed)
<w> [webpack.cache.PackFileCacheStrategy] Serializing big strings (123kiB) impacts deserialization performance (consider using Buffer instead and decode when needed)
<w> [webpack.cache.PackFileCacheStrategy] Serializing big strings (123kiB) impacts deserialization performance (consider using Buffer instead and decode when needed)
<w> [webpack.cache.PackFileCacheStrategy] Serializing big strings (123kiB) impacts deserialization performance (consider using Buffer instead and decode when needed)
<w> [webpack.cache.PackFileCacheStrategy] Serializing big strings (123kiB) impacts deserialization performance (consider using Buffer instead and decode when needed)
<w> [webpack.cache.PackFileCacheStrategy] Serializing big strings (123kiB) impacts deserialization performance (consider using Buffer instead and decode when needed)
<w> [webpack.cache.PackFileCacheStrategy] Serializing big strings (123kiB) impacts deserialization performance (consider using Buffer instead and decode when needed)
<w> [webpack.cache.PackFileCacheStrategy] Serializing big strings (123kiB) impacts deserialization performance (consider using Buffer instead and decode when needed)
<w> [webpack.cache.PackFileCacheStrategy] Serializing big strings (124kiB) impacts deserialization performance (consider using Buffer instead and decode when needed)
<w> [webpack.cache.PackFileCacheStrategy] Serializing big strings (124kiB) impacts deserialization performance (consider using Buffer instead and decode when needed)
<w> [webpack.cache.PackFileCacheStrategy] Serializing big strings (123kiB) impacts deserialization performance (consider using Buffer instead and decode when needed)
<w> [webpack.cache.PackFileCacheStrategy] Serializing big strings (124kiB) impacts deserialization performance (consider using Buffer instead and decode when needed)
<w> [webpack.cache.PackFileCacheStrategy] Serializing big strings (123kiB) impacts deserialization performance (consider using Buffer instead and decode when needed)
<w> [webpack.cache.PackFileCacheStrategy] Serializing big strings (123kiB) impacts deserialization performance (consider using Buffer instead and decode when needed)
<w> [webpack.cache.PackFileCacheStrategy] Serializing big strings (124kiB) impacts deserialization performance (consider using Buffer instead and decode when needed)
<w> [webpack.cache.PackFileCacheStrategy] Serializing big strings (123kiB) impacts deserialization performance (consider using Buffer instead and decode when needed)
<w> [webpack.cache.PackFileCacheStrategy] Serializing big strings (125kiB) impacts deserialization performance (consider using Buffer instead and decode when needed)
<w> [webpack.cache.PackFileCacheStrategy] Serializing big strings (122kiB) impacts deserialization performance (consider using Buffer instead and decode when needed)
<w> [webpack.cache.PackFileCacheStrategy] Serializing big strings (123kiB) impacts deserialization performance (consider using Buffer instead and decode when needed)
<w> [webpack.cache.PackFileCacheStrategy] Serializing big strings (123kiB) impacts deserialization performance (consider using Buffer instead and decode when needed)
<w> [webpack.cache.PackFileCacheStrategy] Serializing big strings (123kiB) impacts deserialization performance (consider using Buffer instead and decode when needed)
<w> [webpack.cache.PackFileCacheStrategy] Serializing big strings (123kiB) impacts deserialization performance (consider using Buffer instead and decode when needed)
<w> [webpack.cache.PackFileCacheStrategy] Serializing big strings (123kiB) impacts deserialization performance (consider using Buffer instead and decode when needed)
<w> [webpack.cache.PackFileCacheStrategy] Serializing big strings (123kiB) impacts deserialization performance (consider using Buffer instead and decode when needed)
<w> [webpack.cache.PackFileCacheStrategy] Serializing big strings (123kiB) impacts deserialization performance (consider using Buffer instead and decode when needed)
<w> [webpack.cache.PackFileCacheStrategy] Serializing big strings (124kiB) impacts deserialization performance (consider using Buffer instead and decode when needed)
<w> [webpack.cache.PackFileCacheStrategy] Serializing big strings (124kiB) impacts deserialization performance (consider using Buffer instead and decode when needed)
<w> [webpack.cache.PackFileCacheStrategy] Serializing big strings (123kiB) impacts deserialization performance (consider using Buffer instead and decode when needed)
<w> [webpack.cache.PackFileCacheStrategy] Serializing big strings (124kiB) impacts deserialization performance (consider using Buffer instead and decode when needed)
<w> [webpack.cache.PackFileCacheStrategy] Serializing big strings (123kiB) impacts deserialization performance (consider using Buffer instead and decode when needed)
<w> [webpack.cache.PackFileCacheStrategy] Serializing big strings (123kiB) impacts deserialization performance (consider using Buffer instead and decode when needed)
<w> [webpack.cache.PackFileCacheStrategy] Serializing big strings (124kiB) impacts deserialization performance (consider using Buffer instead and decode when needed)
<w> [webpack.cache.PackFileCacheStrategy] Serializing big strings (123kiB) impacts deserialization performance (consider using Buffer instead and decode when needed)
<w> [webpack.cache.PackFileCacheStrategy] Serializing big strings (125kiB) impacts deserialization performance (consider using Buffer instead and decode when needed)
<w> [webpack.cache.PackFileCacheStrategy] Serializing big strings (122kiB) impacts deserialization performance (consider using Buffer instead and decode when needed)
<w> [webpack.cache.PackFileCacheStrategy] Serializing big strings (123kiB) impacts deserialization performance (consider using Buffer instead and decode when needed)
<w> [webpack.cache.PackFileCacheStrategy] Serializing big strings (123kiB) impacts deserialization performance (consider using Buffer instead and decode when needed)
<w> [webpack.cache.PackFileCacheStrategy] Serializing big strings (123kiB) impacts deserialization performance (consider using Buffer instead and decode when needed)
<w> [webpack.cache.PackFileCacheStrategy] Serializing big strings (123kiB) impacts deserialization performance (consider using Buffer instead and decode when needed)
<w> [webpack.cache.PackFileCacheStrategy] Serializing big strings (123kiB) impacts deserialization performance (consider using Buffer instead and decode when needed)
<w> [webpack.cache.PackFileCacheStrategy] Serializing big strings (123kiB) impacts deserialization performance (consider using Buffer instead and decode when needed)
<w> [webpack.cache.PackFileCacheStrategy] Serializing big strings (123kiB) impacts deserialization performance (consider using Buffer instead and decode when needed)
<w> [webpack.cache.PackFileCacheStrategy] Serializing big strings (124kiB) impacts deserialization performance (consider using Buffer instead and decode when needed)
<w> [webpack.cache.PackFileCacheStrategy] Serializing big strings (124kiB) impacts deserialization performance (consider using Buffer instead and decode when needed)
<w> [webpack.cache.PackFileCacheStrategy] Serializing big strings (123kiB) impacts deserialization performance (consider using Buffer instead and decode when needed)
<w> [webpack.cache.PackFileCacheStrategy] Serializing big strings (124kiB) impacts deserialization performance (consider using Buffer instead and decode when needed)
<w> [webpack.cache.PackFileCacheStrategy] Serializing big strings (123kiB) impacts deserialization performance (consider using Buffer instead and decode when needed)
<w> [webpack.cache.PackFileCacheStrategy] Serializing big strings (123kiB) impacts deserialization performance (consider using Buffer instead and decode when needed)
<w> [webpack.cache.PackFileCacheStrategy] Serializing big strings (124kiB) impacts deserialization performance (consider using Buffer instead and decode when needed)
<w> [webpack.cache.PackFileCacheStrategy] Serializing big strings (123kiB) impacts deserialization performance (consider using Buffer instead and decode when needed)
(node:81892) [DEP0040] DeprecationWarning: The `punycode` module is deprecated. Please use a userland alternative instead.
(Use `node --trace-deprecation ...` to show where the warning was created)
<w> [webpack.cache.PackFileCacheStrategy] Serializing big strings (125kiB) impacts deserialization performance (consider using Buffer instead and decode when needed)
<w> [webpack.cache.PackFileCacheStrategy] Serializing big strings (122kiB) impacts deserialization performance (consider using Buffer instead and decode when needed)
<w> [webpack.cache.PackFileCacheStrategy] Serializing big strings (123kiB) impacts deserialization performance (consider using Buffer instead and decode when needed)
<w> [webpack.cache.PackFileCacheStrategy] Serializing big strings (123kiB) impacts deserialization performance (consider using Buffer instead and decode when needed)
<w> [webpack.cache.PackFileCacheStrategy] Serializing big strings (123kiB) impacts deserialization performance (consider using Buffer instead and decode when needed)
<w> [webpack.cache.PackFileCacheStrategy] Serializing big strings (123kiB) impacts deserialization performance (consider using Buffer instead and decode when needed)
<w> [webpack.cache.PackFileCacheStrategy] Serializing big strings (123kiB) impacts deserialization performance (consider using Buffer instead and decode when needed)
<w> [webpack.cache.PackFileCacheStrategy] Serializing big strings (123kiB) impacts deserialization performance (consider using Buffer instead and decode when needed)
<w> [webpack.cache.PackFileCacheStrategy] Serializing big strings (123kiB) impacts deserialization performance (consider using Buffer instead and decode when needed)
<w> [webpack.cache.PackFileCacheStrategy] Serializing big strings (124kiB) impacts deserialization performance (consider using Buffer instead and decode when needed)
<w> [webpack.cache.PackFileCacheStrategy] Serializing big strings (124kiB) impacts deserialization performance (consider using Buffer instead and decode when needed)
<w> [webpack.cache.PackFileCacheStrategy] Serializing big strings (123kiB) impacts deserialization performance (consider using Buffer instead and decode when needed)
<w> [webpack.cache.PackFileCacheStrategy] Serializing big strings (124kiB) impacts deserialization performance (consider using Buffer instead and decode when needed)
<w> [webpack.cache.PackFileCacheStrategy] Serializing big strings (123kiB) impacts deserialization performance (consider using Buffer instead and decode when needed)
<w> [webpack.cache.PackFileCacheStrategy] Serializing big strings (123kiB) impacts deserialization performance (consider using Buffer instead and decode when needed)
<w> [webpack.cache.PackFileCacheStrategy] Serializing big strings (124kiB) impacts deserialization performance (consider using Buffer instead and decode when needed)
<w> [webpack.cache.PackFileCacheStrategy] Serializing big strings (123kiB) impacts deserialization performance (consider using Buffer instead and decode when needed)
<w> [webpack.cache.PackFileCacheStrategy] Serializing big strings (125kiB) impacts deserialization performance (consider using Buffer instead and decode when needed)
<w> [webpack.cache.PackFileCacheStrategy] Serializing big strings (122kiB) impacts deserialization performance (consider using Buffer instead and decode when needed)
<w> [webpack.cache.PackFileCacheStrategy] Serializing big strings (123kiB) impacts deserialization performance (consider using Buffer instead and decode when needed)
<w> [webpack.cache.PackFileCacheStrategy] Serializing big strings (123kiB) impacts deserialization performance (consider using Buffer instead and decode when needed)
<w> [webpack.cache.PackFileCacheStrategy] Serializing big strings (123kiB) impacts deserialization performance (consider using Buffer instead and decode when needed)
<w> [webpack.cache.PackFileCacheStrategy] Serializing big strings (123kiB) impacts deserialization performance (consider using Buffer instead and decode when needed)
<w> [webpack.cache.PackFileCacheStrategy] Serializing big strings (123kiB) impacts deserialization performance (consider using Buffer instead and decode when needed)
<w> [webpack.cache.PackFileCacheStrategy] Serializing big strings (123kiB) impacts deserialization performance (consider using Buffer instead and decode when needed)
<w> [webpack.cache.PackFileCacheStrategy] Serializing big strings (123kiB) impacts deserialization performance (consider using Buffer instead and decode when needed)
<w> [webpack.cache.PackFileCacheStrategy] Serializing big strings (124kiB) impacts deserialization performance (consider using Buffer instead and decode when needed)
<w> [webpack.cache.PackFileCacheStrategy] Serializing big strings (124kiB) impacts deserialization performance (consider using Buffer instead and decode when needed)
<w> [webpack.cache.PackFileCacheStrategy] Serializing big strings (123kiB) impacts deserialization performance (consider using Buffer instead and decode when needed)
<w> [webpack.cache.PackFileCacheStrategy] Serializing big strings (124kiB) impacts deserialization performance (consider using Buffer instead and decode when needed)
<w> [webpack.cache.PackFileCacheStrategy] Serializing big strings (123kiB) impacts deserialization performance (consider using Buffer instead and decode when needed)
<w> [webpack.cache.PackFileCacheStrategy] Serializing big strings (123kiB) impacts deserialization performance (consider using Buffer instead and decode when needed)
<w> [webpack.cache.PackFileCacheStrategy] Serializing big strings (124kiB) impacts deserialization performance (consider using Buffer instead and decode when needed)
<w> [webpack.cache.PackFileCacheStrategy] Serializing big strings (123kiB) impacts deserialization performance (consider using Buffer instead and decode when needed)
<w> [webpack.cache.PackFileCacheStrategy] Serializing big strings (125kiB) impacts deserialization performance (consider using Buffer instead and decode when needed)
<w> [webpack.cache.PackFileCacheStrategy] Serializing big strings (122kiB) impacts deserialization performance (consider using Buffer instead and decode when needed)
<w> [webpack.cache.PackFileCacheStrategy] Serializing big strings (123kiB) impacts deserialization performance (consider using Buffer instead and decode when needed)
<w> [webpack.cache.PackFileCacheStrategy] Serializing big strings (123kiB) impacts deserialization performance (consider using Buffer instead and decode when needed)
<w> [webpack.cache.PackFileCacheStrategy] Serializing big strings (123kiB) impacts deserialization performance (consider using Buffer instead and decode when needed)
<w> [webpack.cache.PackFileCacheStrategy] Serializing big strings (123kiB) impacts deserialization performance (consider using Buffer instead and decode when needed)
<w> [webpack.cache.PackFileCacheStrategy] Serializing big strings (123kiB) impacts deserialization performance (consider using Buffer instead and decode when needed)
<w> [webpack.cache.PackFileCacheStrategy] Serializing big strings (123kiB) impacts deserialization performance (consider using Buffer instead and decode when needed)
<w> [webpack.cache.PackFileCacheStrategy] Serializing big strings (123kiB) impacts deserialization performance (consider using Buffer instead and decode when needed)
<w> [webpack.cache.PackFileCacheStrategy] Serializing big strings (124kiB) impacts deserialization performance (consider using Buffer instead and decode when needed)
<w> [webpack.cache.PackFileCacheStrategy] Serializing big strings (124kiB) impacts deserialization performance (consider using Buffer instead and decode when needed)
<w> [webpack.cache.PackFileCacheStrategy] Serializing big strings (123kiB) impacts deserialization performance (consider using Buffer instead and decode when needed)
<w> [webpack.cache.PackFileCacheStrategy] Serializing big strings (124kiB) impacts deserialization performance (consider using Buffer instead and decode when needed)
<w> [webpack.cache.PackFileCacheStrategy] Serializing big strings (123kiB) impacts deserialization performance (consider using Buffer instead and decode when needed)
<w> [webpack.cache.PackFileCacheStrategy] Serializing big strings (123kiB) impacts deserialization performance (consider using Buffer instead and decode when needed)
<w> [webpack.cache.PackFileCacheStrategy] Serializing big strings (124kiB) impacts deserialization performance (consider using Buffer instead and decode when needed)
<w> [webpack.cache.PackFileCacheStrategy] Serializing big strings (123kiB) impacts deserialization performance (consider using Buffer instead and decode when needed)
<w> [webpack.cache.PackFileCacheStrategy] Serializing big strings (125kiB) impacts deserialization performance (consider using Buffer instead and decode when needed)
<w> [webpack.cache.PackFileCacheStrategy] Serializing big strings (122kiB) impacts deserialization performance (consider using Buffer instead and decode when needed)
<w> [webpack.cache.PackFileCacheStrategy] Serializing big strings (123kiB) impacts deserialization performance (consider using Buffer instead and decode when needed)
<w> [webpack.cache.PackFileCacheStrategy] Serializing big strings (123kiB) impacts deserialization performance (consider using Buffer instead and decode when needed)
<w> [webpack.cache.PackFileCacheStrategy] Serializing big strings (123kiB) impacts deserialization performance (consider using Buffer instead and decode when needed)
<w> [webpack.cache.PackFileCacheStrategy] Serializing big strings (123kiB) impacts deserialization performance (consider using Buffer instead and decode when needed)
<w> [webpack.cache.PackFileCacheStrategy] Serializing big strings (123kiB) impacts deserialization performance (consider using Buffer instead and decode when needed)
<w> [webpack.cache.PackFileCacheStrategy] Serializing big strings (123kiB) impacts deserialization performance (consider using Buffer instead and decode when needed)
<w> [webpack.cache.PackFileCacheStrategy] Serializing big strings (123kiB) impacts deserialization performance (consider using Buffer instead and decode when needed)
<w> [webpack.cache.PackFileCacheStrategy] Serializing big strings (124kiB) impacts deserialization performance (consider using Buffer instead and decode when needed)
<w> [webpack.cache.PackFileCacheStrategy] Serializing big strings (124kiB) impacts deserialization performance (consider using Buffer instead and decode when needed)
<w> [webpack.cache.PackFileCacheStrategy] Serializing big strings (123kiB) impacts deserialization performance (consider using Buffer instead and decode when needed)
<w> [webpack.cache.PackFileCacheStrategy] Serializing big strings (124kiB) impacts deserialization performance (consider using Buffer instead and decode when needed)
<w> [webpack.cache.PackFileCacheStrategy] Serializing big strings (123kiB) impacts deserialization performance (consider using Buffer instead and decode when needed)
<w> [webpack.cache.PackFileCacheStrategy] Serializing big strings (123kiB) impacts deserialization performance (consider using Buffer instead and decode when needed)
<w> [webpack.cache.PackFileCacheStrategy] Serializing big strings (124kiB) impacts deserialization performance (consider using Buffer instead and decode when needed)
<w> [webpack.cache.PackFileCacheStrategy] Serializing big strings (123kiB) impacts deserialization performance (consider using Buffer instead and decode when needed)
 [32m[1m✓[22m[39m Compiled successfully
[?25l [37m[1m [22m[39m Linting and checking validity of types  [36m.[39m[2K[1G [37m[1m [22m[39m Linting and checking validity of types  [36m..[39m[2K[1G [37m[1m [22m[39m Linting and checking validity of types  [36m...[39m[2K[1G [37m[1m [22m[39m Linting and checking validity of types  [36m.[39m[2K[1G [37m[1m [22m[39m Linting and checking validity of types  [36m..[39m[2K[1G [37m[1m [22m[39m Linting and checking validity of types  [36m...[39m[2K[1G [37m[1m [22m[39m Linting and checking validity of types  [36m.[39m[2K[1G [37m[1m [22m[39m Linting and checking validity of types  [36m..[39m[2K[1G [37m[1m [22m[39m Linting and checking validity of types  [36m...[39m[2K[1G [37m[1m [22m[39m Linting and checking validity of types  [36m.[39m[2K[1G [37m[1m [22m[39m Linting and checking validity of types  [36m..[39m[2K[1G [37m[1m [22m[39m Linting and checking validity of types  [36m...[39m[2K[1G [37m[1m [22m[39m Linting and checking validity of types  [36m.[39m[2K[1G [37m[1m [22m[39m Linting and checking validity of types  [36m..[39m[2K[1G [37m[1m [22m[39m Linting and checking validity of types  [36m...[39m[2K[1G [37m[1m [22m[39m Linting and checking validity of types  [36m.[39m[2K[1G [37m[1m [22m[39m Linting and checking validity of types  [36m..[39m[2K[1G [37m[1m [22m[39m Linting and checking validity of types  [36m...[39m[2K[1G [37m[1m [22m[39m Linting and checking validity of types  [36m.[39m[2K[1G [37m[1m [22m[39m Linting and checking validity of types  [36m..[39m[2K[1G [37m[1m [22m[39m Linting and checking validity of types  [36m...[39m[2K[1G [37m[1m [22m[39m Linting and checking validity of types  [36m.[39m[2K[1G [37m[1m [22m[39m Linting and checking validity of types  [36m..[39m[2K[1G [37m[1m [22m[39m Linting and checking validity of types  [36m...[39m[2K[1G [37m[1m [22m[39m Linting and checking validity of types  [36m.[39m[2K[1G [37m[1m [22m[39m Linting and checking validity of types  [36m..[39m[2K[1G [37m[1m [22m[39m Linting and checking validity of types  [36m...[39m[2K[1G [37m[1m [22m[39m Linting and checking validity of types  [36m.[39m[2K[1G [37m[1m [22m[39m Linting and checking validity of types  [36m..[39m[2K[1G [37m[1m [22m[39m Linting and checking validity of types  [36m...[39m[2K[1G [37m[1m [22m[39m Linting and checking validity of types  [36m.[39m[2K[1G [37m[1m [22m[39m Linting and checking validity of types  [36m..[39m[2K[1G [37m[1m [22m[39m Linting and checking validity of types  [36m...[39m[2K[1G [37m[1m [22m[39m Linting and checking validity of types  [36m.[39m[2K[1G [37m[1m [22m[39m Linting and checking validity of types  [36m..[39m[2K[1G [37m[1m [22m[39m Linting and checking validity of types  [36m...[39m[2K[1G [37m[1m [22m[39m Linting and checking validity of types  [36m.[39m[2K[1G [37m[1m [22m[39m Linting and checking validity of types  [36m..[39m[2K[1G [37m[1m [22m[39m Linting and checking validity of types  [36m...[39m[2K[1G [37m[1m [22m[39m Linting and checking validity of types  [36m.[39m[2K[1G [37m[1m [22m[39m Linting and checking validity of types  [36m..[39m[2K[1G [37m[1m [22m[39m Linting and checking validity of types  [36m...[39m[2K[1G[?25h
[36m./app/(authentication)/create-account/page.tsx[39m
[33m2[39m:[33m3[39m  [33m[1mWarning[22m[39m: 'Anchor' is defined but never used. Allowed unused vars must match /^_/u.  [90m[1m@typescript-eslint/no-unused-vars[22m[39m
[33m9[39m:[33m3[39m  [33m[1mWarning[22m[39m: 'Text' is defined but never used. Allowed unused vars must match /^_/u.  [90m[1m@typescript-eslint/no-unused-vars[22m[39m
[33m42[39m:[33m11[39m  [33m[1mWarning[22m[39m: 'data' is assigned a value but never used. Allowed unused vars must match /^_/u.  [90m[1m@typescript-eslint/no-unused-vars[22m[39m
[33m61[39m:[33m22[39m  [33m[1mWarning[22m[39m: Promise-returning function provided to attribute where a void return was expected.  [90m[1m@typescript-eslint/no-misused-promises[22m[39m

[36m./app/(authentication)/login/page.tsx[39m
[33m120[39m:[33m39[39m  [33m[1mWarning[22m[39m: Promise returned in function argument where a void return was expected.  [90m[1m@typescript-eslint/no-misused-promises[22m[39m

[36m./app/(with-identity)/courses/[courseId]/lessons/[lessonId]/layout.tsx[39m
[33m3[39m:[33m3[39m  [33m[1mWarning[22m[39m: 'Button' is defined but never used. Allowed unused vars must match /^_/u.  [90m[1m@typescript-eslint/no-unused-vars[22m[39m
[33m8[39m:[33m3[39m  [33m[1mWarning[22m[39m: 'NavLink' is defined but never used. Allowed unused vars must match /^_/u.  [90m[1m@typescript-eslint/no-unused-vars[22m[39m
[33m17[39m:[33m10[39m  [33m[1mWarning[22m[39m: 'IconPlus' is defined but never used. Allowed unused vars must match /^_/u.  [90m[1m@typescript-eslint/no-unused-vars[22m[39m
[33m44[39m:[33m29[39m  [33m[1mWarning[22m[39m: Unsafe member access .name on an `any` value.  [90m[1m@typescript-eslint/no-unsafe-member-access[22m[39m
[33m44[39m:[33m49[39m  [33m[1mWarning[22m[39m: Unsafe member access .lessons on an `any` value.  [90m[1m@typescript-eslint/no-unsafe-member-access[22m[39m
[33m80[39m:[33m45[39m  [33m[1mWarning[22m[39m: 'i' is defined but never used. Allowed unused args must match /^_/u.  [90m[1m@typescript-eslint/no-unused-vars[22m[39m

[36m./app/(with-identity)/courses/[courseId]/lessons/[lessonId]/page.tsx[39m
[33m6[39m:[33m10[39m  [33m[1mWarning[22m[39m: 'AdvancedEditor' is defined but never used. Allowed unused vars must match /^_/u.  [90m[1m@typescript-eslint/no-unused-vars[22m[39m
[33m44[39m:[33m33[39m  [33m[1mWarning[22m[39m: Unsafe member access .interactiveComponents on an `any` value.  [90m[1m@typescript-eslint/no-unsafe-member-access[22m[39m
[33m90[39m:[33m29[39m  [33m[1mWarning[22m[39m: Unsafe member access .name on an `any` value.  [90m[1m@typescript-eslint/no-unsafe-member-access[22m[39m
[33m90[39m:[33m49[39m  [33m[1mWarning[22m[39m: Unsafe member access .lessons on an `any` value.  [90m[1m@typescript-eslint/no-unsafe-member-access[22m[39m
[33m120[39m:[33m17[39m  [33m[1mWarning[22m[39m: Forbidden non-null assertion.  [90m[1m@typescript-eslint/no-non-null-assertion[22m[39m

[36m./app/(with-identity)/courses/[courseId]/page.tsx[39m
[33m122[39m:[33m40[39m  [33m[1mWarning[22m[39m: `'` can be escaped with `&apos;`, `&lsquo;`, `&#39;`, `&rsquo;`.  [90m[1mreact/no-unescaped-entities[22m[39m

[36m./app/(with-identity)/courses/page.tsx[39m
[33m46[39m:[33m31[39m  [33m[1mWarning[22m[39m: Unsafe member access .message on an `any` value.  [90m[1m@typescript-eslint/no-unsafe-member-access[22m[39m
[33m46[39m:[33m52[39m  [33m[1mWarning[22m[39m: Unsafe member access .statusCode on an `any` value.  [90m[1m@typescript-eslint/no-unsafe-member-access[22m[39m

[36m./app/(with-identity)/layout.tsx[39m
[33m35[39m:[33m15[39m  [33m[1mWarning[22m[39m: Unsafe member access .statusCode on an `any` value.  [90m[1m@typescript-eslint/no-unsafe-member-access[22m[39m

[36m./app/(with-identity)/studio/courses/[courseId]/edit-lesson/[lessonId]/page.tsx[39m
[33m1[39m:[33m28[39m  [33m[1mWarning[22m[39m: 'NavLink' is defined but never used. Allowed unused vars must match /^_/u.  [90m[1m@typescript-eslint/no-unused-vars[22m[39m
[33m2[39m:[33m8[39m  [33m[1mWarning[22m[39m: 'NextLink' is defined but never used. Allowed unused vars must match /^_/u.  [90m[1m@typescript-eslint/no-unused-vars[22m[39m
[33m5[39m:[33m10[39m  [33m[1mWarning[22m[39m: 'CreateLesson' is defined but never used. Allowed unused vars must match /^_/u.  [90m[1m@typescript-eslint/no-unused-vars[22m[39m
[33m9[39m:[33m8[39m  [33m[1mWarning[22m[39m: 'classNames' is defined but never used. Allowed unused vars must match /^_/u.  [90m[1m@typescript-eslint/no-unused-vars[22m[39m
[33m10[39m:[33m1[39m  [33m[1mWarning[22m[39m: `../../../../../../../shared/lib` import should occur before import of `./page.module.css`  [90m[1mimport/order[22m[39m
[33m17[39m:[33m32[39m  [33m[1mWarning[22m[39m: Replace `⏎····apiUrl(`/lessons/${lessonId}`),⏎···` with `apiUrl(`/lessons/${lessonId}`),`  [90m[1mprettier/prettier[22m[39m
[33m20[39m:[33m1[39m  [33m[1mWarning[22m[39m: Delete `··`  [90m[1mprettier/prettier[22m[39m
[33m21[39m:[33m1[39m  [33m[1mWarning[22m[39m: Delete `··`  [90m[1mprettier/prettier[22m[39m
[33m22[39m:[33m7[39m  [33m[1mWarning[22m[39m: Delete `··`  [90m[1mprettier/prettier[22m[39m
[33m23[39m:[33m1[39m  [33m[1mWarning[22m[39m: Delete `··`  [90m[1mprettier/prettier[22m[39m
[33m24[39m:[33m1[39m  [33m[1mWarning[22m[39m: Delete `··`  [90m[1mprettier/prettier[22m[39m
[33m25[39m:[33m3[39m  [33m[1mWarning[22m[39m: Replace `··},⏎··` with `}`  [90m[1mprettier/prettier[22m[39m

[36m./app/(with-identity)/studio/courses/[courseId]/lessons/[lessonId]/layout.tsx[39m
[33m3[39m:[33m3[39m  [33m[1mWarning[22m[39m: 'Button' is defined but never used. Allowed unused vars must match /^_/u.  [90m[1m@typescript-eslint/no-unused-vars[22m[39m
[33m8[39m:[33m3[39m  [33m[1mWarning[22m[39m: 'NavLink' is defined but never used. Allowed unused vars must match /^_/u.  [90m[1m@typescript-eslint/no-unused-vars[22m[39m
[33m17[39m:[33m10[39m  [33m[1mWarning[22m[39m: 'IconPlus' is defined but never used. Allowed unused vars must match /^_/u.  [90m[1m@typescript-eslint/no-unused-vars[22m[39m
[33m20[39m:[33m1[39m  [33m[1mWarning[22m[39m: `../../../../../../../shared/lib` import should occur before import of `./layout.module.css`  [90m[1mimport/order[22m[39m
[33m23[39m:[33m32[39m  [33m[1mWarning[22m[39m: Replace `⏎····apiUrl(`/courses/preview/${courseId}`),⏎···` with `apiUrl(`/courses/preview/${courseId}`),`  [90m[1mprettier/prettier[22m[39m
[33m26[39m:[33m1[39m  [33m[1mWarning[22m[39m: Delete `··`  [90m[1mprettier/prettier[22m[39m
[33m27[39m:[33m1[39m  [33m[1mWarning[22m[39m: Delete `··`  [90m[1mprettier/prettier[22m[39m
[33m28[39m:[33m7[39m  [33m[1mWarning[22m[39m: Delete `··`  [90m[1mprettier/prettier[22m[39m
[33m29[39m:[33m1[39m  [33m[1mWarning[22m[39m: Delete `··`  [90m[1mprettier/prettier[22m[39m
[33m30[39m:[33m1[39m  [33m[1mWarning[22m[39m: Delete `··`  [90m[1mprettier/prettier[22m[39m
[33m31[39m:[33m3[39m  [33m[1mWarning[22m[39m: Replace `··},⏎··` with `}`  [90m[1mprettier/prettier[22m[39m
[33m47[39m:[33m29[39m  [33m[1mWarning[22m[39m: Unsafe member access .name on an `any` value.  [90m[1m@typescript-eslint/no-unsafe-member-access[22m[39m
[33m47[39m:[33m49[39m  [33m[1mWarning[22m[39m: Unsafe member access .lessons on an `any` value.  [90m[1m@typescript-eslint/no-unsafe-member-access[22m[39m
[33m83[39m:[33m45[39m  [33m[1mWarning[22m[39m: 'i' is defined but never used. Allowed unused args must match /^_/u.  [90m[1m@typescript-eslint/no-unused-vars[22m[39m

[36m./app/(with-identity)/studio/courses/[courseId]/lessons/[lessonId]/page.tsx[39m
[33m7[39m:[33m3[39m  [33m[1mWarning[22m[39m: 'IconEdit' is defined but never used. Allowed unused vars must match /^_/u.  [90m[1m@typescript-eslint/no-unused-vars[22m[39m
[33m8[39m:[33m3[39m  [33m[1mWarning[22m[39m: 'IconTrash' is defined but never used. Allowed unused vars must match /^_/u.  [90m[1m@typescript-eslint/no-unused-vars[22m[39m
[33m70[39m:[33m29[39m  [33m[1mWarning[22m[39m: Unsafe member access .name on an `any` value.  [90m[1m@typescript-eslint/no-unsafe-member-access[22m[39m
[33m70[39m:[33m49[39m  [33m[1mWarning[22m[39m: Unsafe member access .lessons on an `any` value.  [90m[1m@typescript-eslint/no-unsafe-member-access[22m[39m
[33m85[39m:[33m9[39m  [33m[1mWarning[22m[39m: 'prevLesson' is assigned a value but never used. Allowed unused vars must match /^_/u.  [90m[1m@typescript-eslint/no-unused-vars[22m[39m

[36m./app/(with-identity)/studio/courses/[courseId]/new-lesson/page.tsx[39m
[33m1[39m:[33m28[39m  [33m[1mWarning[22m[39m: 'NavLink' is defined but never used. Allowed unused vars must match /^_/u.  [90m[1m@typescript-eslint/no-unused-vars[22m[39m
[33m2[39m:[33m8[39m  [33m[1mWarning[22m[39m: 'NextLink' is defined but never used. Allowed unused vars must match /^_/u.  [90m[1m@typescript-eslint/no-unused-vars[22m[39m
[33m3[39m:[33m10[39m  [33m[1mWarning[22m[39m: 'redirect' is defined but never used. Allowed unused vars must match /^_/u.  [90m[1m@typescript-eslint/no-unused-vars[22m[39m
[33m6[39m:[33m8[39m  [33m[1mWarning[22m[39m: 'classNames' is defined but never used. Allowed unused vars must match /^_/u.  [90m[1m@typescript-eslint/no-unused-vars[22m[39m

[36m./app/(with-identity)/studio/courses/[courseId]/page.tsx[39m
[33m8[39m:[33m3[39m  [33m[1mWarning[22m[39m: 'NavLink' is defined but never used. Allowed unused vars must match /^_/u.  [90m[1m@typescript-eslint/no-unused-vars[22m[39m
[33m14[39m:[33m3[39m  [33m[1mWarning[22m[39m: 'UnstyledButton' is defined but never used. Allowed unused vars must match /^_/u.  [90m[1m@typescript-eslint/no-unused-vars[22m[39m
[33m24[39m:[33m3[39m  [33m[1mWarning[22m[39m: 'IconEdit' is defined but never used. Allowed unused vars must match /^_/u.  [90m[1m@typescript-eslint/no-unused-vars[22m[39m
[33m26[39m:[33m3[39m  [33m[1mWarning[22m[39m: 'IconShare2' is defined but never used. Allowed unused vars must match /^_/u.  [90m[1m@typescript-eslint/no-unused-vars[22m[39m
[33m33[39m:[33m1[39m  [33m[1mWarning[22m[39m: `../../../../../shared/lib` import should occur before import of `./page.module.css`  [90m[1mimport/order[22m[39m
[33m48[39m:[33m32[39m  [33m[1mWarning[22m[39m: Replace `⏎····apiUrl(`/courses/preview/${courseId}`),⏎···` with `apiUrl(`/courses/preview/${courseId}`),`  [90m[1mprettier/prettier[22m[39m
[33m51[39m:[33m1[39m  [33m[1mWarning[22m[39m: Delete `··`  [90m[1mprettier/prettier[22m[39m
[33m52[39m:[33m1[39m  [33m[1mWarning[22m[39m: Delete `··`  [90m[1mprettier/prettier[22m[39m
[33m53[39m:[33m7[39m  [33m[1mWarning[22m[39m: Delete `··`  [90m[1mprettier/prettier[22m[39m
[33m54[39m:[33m1[39m  [33m[1mWarning[22m[39m: Delete `··`  [90m[1mprettier/prettier[22m[39m
[33m55[39m:[33m1[39m  [33m[1mWarning[22m[39m: Delete `··`  [90m[1mprettier/prettier[22m[39m
[33m56[39m:[33m3[39m  [33m[1mWarning[22m[39m: Replace `··},⏎··` with `}`  [90m[1mprettier/prettier[22m[39m
[33m121[39m:[33m40[39m  [33m[1mWarning[22m[39m: `'` can be escaped with `&apos;`, `&lsquo;`, `&#39;`, `&rsquo;`.  [90m[1mreact/no-unescaped-entities[22m[39m

[36m./app/(with-identity)/studio/courses/page.tsx[39m
[33m2[39m:[33m3[39m  [33m[1mWarning[22m[39m: 'ActionIcon' is defined but never used. Allowed unused vars must match /^_/u.  [90m[1m@typescript-eslint/no-unused-vars[22m[39m
[33m8[39m:[33m3[39m  [33m[1mWarning[22m[39m: 'SegmentedControl' is defined but never used. Allowed unused vars must match /^_/u.  [90m[1m@typescript-eslint/no-unused-vars[22m[39m
[33m14[39m:[33m20[39m  [33m[1mWarning[22m[39m: 'IconSortDescending' is defined but never used. Allowed unused vars must match /^_/u.  [90m[1m@typescript-eslint/no-unused-vars[22m[39m
[33m57[39m:[33m24[39m  [33m[1mWarning[22m[39m: Unsafe member access .message on an `any` value.  [90m[1m@typescript-eslint/no-unsafe-member-access[22m[39m
[33m58[39m:[33m21[39m  [33m[1mWarning[22m[39m: Unsafe member access .statusCode on an `any` value.  [90m[1m@typescript-eslint/no-unsafe-member-access[22m[39m

[36m./app/(with-identity)/studio/edit-course/[courseId]/page.tsx[39m
[33m1[39m:[33m28[39m  [33m[1mWarning[22m[39m: 'NavLink' is defined but never used. Allowed unused vars must match /^_/u.  [90m[1m@typescript-eslint/no-unused-vars[22m[39m
[33m23[39m:[33m11[39m  [33m[1mWarning[22m[39m: 'error' is assigned a value but never used. Allowed unused vars must match /^_/u.  [90m[1m@typescript-eslint/no-unused-vars[22m[39m

[36m./app/(with-identity)/studio/new-course/page.tsx[39m
[33m2[39m:[33m10[39m  [33m[1mWarning[22m[39m: 'cookies' is defined but never used. Allowed unused vars must match /^_/u.  [90m[1m@typescript-eslint/no-unused-vars[22m[39m
[33m3[39m:[33m10[39m  [33m[1mWarning[22m[39m: 'redirect' is defined but never used. Allowed unused vars must match /^_/u.  [90m[1m@typescript-eslint/no-unused-vars[22m[39m

[36m./app/api/auth/route.ts[39m
[33m2[39m:[33m10[39m  [33m[1mWarning[22m[39m: 'redirect' is defined but never used. Allowed unused vars must match /^_/u.  [90m[1m@typescript-eslint/no-unused-vars[22m[39m
[33m26[39m:[33m24[39m  [33m[1mWarning[22m[39m: Unsafe member access .message on an `any` value.  [90m[1m@typescript-eslint/no-unsafe-member-access[22m[39m
[33m27[39m:[33m21[39m  [33m[1mWarning[22m[39m: Unsafe member access .statusCode on an `any` value.  [90m[1m@typescript-eslint/no-unsafe-member-access[22m[39m

[36m./app/api/courses/route.ts[39m
[33m2[39m:[33m10[39m  [33m[1mWarning[22m[39m: 'redirect' is defined but never used. Allowed unused vars must match /^_/u.  [90m[1m@typescript-eslint/no-unused-vars[22m[39m
[33m22[39m:[33m15[39m  [33m[1mWarning[22m[39m: Unsafe member access .statusCode on an `any` value.  [90m[1m@typescript-eslint/no-unsafe-member-access[22m[39m
[33m29[39m:[33m24[39m  [33m[1mWarning[22m[39m: Unsafe member access .message on an `any` value.  [90m[1m@typescript-eslint/no-unsafe-member-access[22m[39m
[33m30[39m:[33m21[39m  [33m[1mWarning[22m[39m: Unsafe member access .statusCode on an `any` value.  [90m[1m@typescript-eslint/no-unsafe-member-access[22m[39m
[33m58[39m:[33m15[39m  [33m[1mWarning[22m[39m: Unsafe member access .statusCode on an `any` value.  [90m[1m@typescript-eslint/no-unsafe-member-access[22m[39m
[33m65[39m:[33m24[39m  [33m[1mWarning[22m[39m: Unsafe member access .message on an `any` value.  [90m[1m@typescript-eslint/no-unsafe-member-access[22m[39m
[33m66[39m:[33m21[39m  [33m[1mWarning[22m[39m: Unsafe member access .statusCode on an `any` value.  [90m[1m@typescript-eslint/no-unsafe-member-access[22m[39m
[33m90[39m:[33m15[39m  [33m[1mWarning[22m[39m: Unsafe member access .statusCode on an `any` value.  [90m[1m@typescript-eslint/no-unsafe-member-access[22m[39m
[33m97[39m:[33m24[39m  [33m[1mWarning[22m[39m: Unsafe member access .message on an `any` value.  [90m[1m@typescript-eslint/no-unsafe-member-access[22m[39m
[33m98[39m:[33m21[39m  [33m[1mWarning[22m[39m: Unsafe member access .statusCode on an `any` value.  [90m[1m@typescript-eslint/no-unsafe-member-access[22m[39m

[36m./app/api/lessons/progression/route.ts[39m
[33m21[39m:[33m15[39m  [33m[1mWarning[22m[39m: Unsafe member access .statusCode on an `any` value.  [90m[1m@typescript-eslint/no-unsafe-member-access[22m[39m
[33m28[39m:[33m24[39m  [33m[1mWarning[22m[39m: Unsafe member access .message on an `any` value.  [90m[1m@typescript-eslint/no-unsafe-member-access[22m[39m
[33m29[39m:[33m21[39m  [33m[1mWarning[22m[39m: Unsafe member access .statusCode on an `any` value.  [90m[1m@typescript-eslint/no-unsafe-member-access[22m[39m

[36m./app/api/lessons/route.ts[39m
[33m2[39m:[33m10[39m  [33m[1mWarning[22m[39m: 'redirect' is defined but never used. Allowed unused vars must match /^_/u.  [90m[1m@typescript-eslint/no-unused-vars[22m[39m
[33m22[39m:[33m15[39m  [33m[1mWarning[22m[39m: Unsafe member access .statusCode on an `any` value.  [90m[1m@typescript-eslint/no-unsafe-member-access[22m[39m
[33m29[39m:[33m24[39m  [33m[1mWarning[22m[39m: Unsafe member access .message on an `any` value.  [90m[1m@typescript-eslint/no-unsafe-member-access[22m[39m
[33m30[39m:[33m21[39m  [33m[1mWarning[22m[39m: Unsafe member access .statusCode on an `any` value.  [90m[1m@typescript-eslint/no-unsafe-member-access[22m[39m
[33m58[39m:[33m15[39m  [33m[1mWarning[22m[39m: Unsafe member access .statusCode on an `any` value.  [90m[1m@typescript-eslint/no-unsafe-member-access[22m[39m
[33m65[39m:[33m24[39m  [33m[1mWarning[22m[39m: Unsafe member access .message on an `any` value.  [90m[1m@typescript-eslint/no-unsafe-member-access[22m[39m
[33m66[39m:[33m21[39m  [33m[1mWarning[22m[39m: Unsafe member access .statusCode on an `any` value.  [90m[1m@typescript-eslint/no-unsafe-member-access[22m[39m
[33m97[39m:[33m15[39m  [33m[1mWarning[22m[39m: Unsafe member access .statusCode on an `any` value.  [90m[1m@typescript-eslint/no-unsafe-member-access[22m[39m
[33m104[39m:[33m24[39m  [33m[1mWarning[22m[39m: Unsafe member access .message on an `any` value.  [90m[1m@typescript-eslint/no-unsafe-member-access[22m[39m
[33m105[39m:[33m21[39m  [33m[1mWarning[22m[39m: Unsafe member access .statusCode on an `any` value.  [90m[1m@typescript-eslint/no-unsafe-member-access[22m[39m

[36m./app/api/storage/upload/route.ts[39m
[33m2[39m:[33m10[39m  [33m[1mWarning[22m[39m: 'redirect' is defined but never used. Allowed unused vars must match /^_/u.  [90m[1m@typescript-eslint/no-unused-vars[22m[39m
[33m21[39m:[33m15[39m  [33m[1mWarning[22m[39m: Unsafe member access .statusCode on an `any` value.  [90m[1m@typescript-eslint/no-unsafe-member-access[22m[39m
[33m28[39m:[33m24[39m  [33m[1mWarning[22m[39m: Unsafe member access .message on an `any` value.  [90m[1m@typescript-eslint/no-unsafe-member-access[22m[39m
[33m29[39m:[33m21[39m  [33m[1mWarning[22m[39m: Unsafe member access .statusCode on an `any` value.  [90m[1m@typescript-eslint/no-unsafe-member-access[22m[39m
[33m38[39m:[33m19[39m  [33m[1mWarning[22m[39m: Unsafe member access .Location on an `any` value.  [90m[1m@typescript-eslint/no-unsafe-member-access[22m[39m

[36m./app/page.tsx[39m
[33m1[39m:[33m10[39m  [33m[1mWarning[22m[39m: 'Button' is defined but never used. Allowed unused vars must match /^_/u.  [90m[1m@typescript-eslint/no-unused-vars[22m[39m

[36m./components/advanced-editor/components/add-image/index.tsx[39m
[33m1[39m:[33m10[39m  [33m[1mWarning[22m[39m: 'ActionIcon' is defined but never used. Allowed unused vars must match /^_/u.  [90m[1m@typescript-eslint/no-unused-vars[22m[39m

[36m./components/advanced-editor/components/interactive-component/index.tsx[39m
[33m97[39m:[33m11[39m  [33m[1mWarning[22m[39m: 'handleInteractionStateUpdate' is assigned a value but never used. Allowed unused vars must match /^_/u.  [90m[1m@typescript-eslint/no-unused-vars[22m[39m

[36m./components/advanced-editor/context/index.ts[39m
[33m21[39m:[33m25[39m  [33m[1mWarning[22m[39m: Unexpected empty method 'handleComplete'.  [90m[1m@typescript-eslint/no-empty-function[22m[39m
[33m24[39m:[33m26[39m  [33m[1mWarning[22m[39m: Unexpected empty method 'openConstructor'.  [90m[1m@typescript-eslint/no-empty-function[22m[39m
[33m25[39m:[33m27[39m  [33m[1mWarning[22m[39m: Unexpected empty method 'closeConstructor'.  [90m[1m@typescript-eslint/no-empty-function[22m[39m
[33m26[39m:[33m29[39m  [33m[1mWarning[22m[39m: Unexpected empty method 'setComponentToEdit'.  [90m[1m@typescript-eslint/no-empty-function[22m[39m
[33m29[39m:[33m35[39m  [33m[1mWarning[22m[39m: Unexpected empty method 'setInteractiveComponents'.  [90m[1m@typescript-eslint/no-empty-function[22m[39m
[33m30[39m:[33m34[39m  [33m[1mWarning[22m[39m: Unexpected empty method 'addInteractiveComponent'.  [90m[1m@typescript-eslint/no-empty-function[22m[39m

[36m./components/advanced-editor/index.tsx[39m
[33m3[39m:[33m10[39m  [33m[1mWarning[22m[39m: 'generateHTML' is defined but never used. Allowed unused vars must match /^_/u.  [90m[1m@typescript-eslint/no-unused-vars[22m[39m
[33m16[39m:[33m23[39m  [33m[1mWarning[22m[39m: 'Extension' is defined but never used. Allowed unused vars must match /^_/u.  [90m[1m@typescript-eslint/no-unused-vars[22m[39m
[33m16[39m:[33m34[39m  [33m[1mWarning[22m[39m: 'JSONContent' is defined but never used. Allowed unused vars must match /^_/u.  [90m[1m@typescript-eslint/no-unused-vars[22m[39m
[33m51[39m:[33m39[39m  [33m[1mWarning[22m[39m: Unexpected any. Specify a different type.  [90m[1m@typescript-eslint/no-explicit-any[22m[39m
[33m59[39m:[33m3[39m  [33m[1mWarning[22m[39m: Unsafe return of an `any` typed value.  [90m[1m@typescript-eslint/no-unsafe-return[22m[39m
[33m62[39m:[33m38[39m  [33m[1mWarning[22m[39m: Unexpected any. Specify a different type.  [90m[1m@typescript-eslint/no-explicit-any[22m[39m
[33m64[39m:[33m15[39m  [33m[1mWarning[22m[39m: Unsafe member access .dataType on an `any` value.  [90m[1m@typescript-eslint/no-unsafe-member-access[22m[39m
[33m65[39m:[33m22[39m  [33m[1mWarning[22m[39m: Unsafe argument of type `any` assigned to a parameter of type `Iterable<readonly [unknown, unknown]> | null | undefined`.  [90m[1m@typescript-eslint/no-unsafe-argument[22m[39m
[33m65[39m:[33m28[39m  [33m[1mWarning[22m[39m: Unsafe member access .value on an `any` value.  [90m[1m@typescript-eslint/no-unsafe-member-access[22m[39m
[33m68[39m:[33m3[39m  [33m[1mWarning[22m[39m: Unsafe return of an `any` typed value.  [90m[1m@typescript-eslint/no-unsafe-return[22m[39m
[33m133[39m:[33m15[39m  [33m[1mWarning[22m[39m: Unnecessary conditional, expected left-hand side of `??` operator to be possibly null or undefined.  [90m[1m@typescript-eslint/no-unnecessary-condition[22m[39m

[36m./components/advanced-editor-view/index.tsx[39m
[33m17[39m:[33m3[39m  [33m[1mWarning[22m[39m: Unexpected console statement.  [90m[1mno-console[22m[39m
[33m65[39m:[33m24[39m  [33m[1mWarning[22m[39m: Promise-returning function provided to attribute where a void return was expected.  [90m[1m@typescript-eslint/no-misused-promises[22m[39m

[36m./components/back-button/index.tsx[39m
[33m3[39m:[33m22[39m  [33m[1mWarning[22m[39m: 'Button' is defined but never used. Allowed unused vars must match /^_/u.  [90m[1m@typescript-eslint/no-unused-vars[22m[39m
[33m6[39m:[33m15[39m  [33m[1mWarning[22m[39m: 'ReactNode' is defined but never used. Allowed unused vars must match /^_/u.  [90m[1m@typescript-eslint/no-unused-vars[22m[39m

[36m./components/course-control-panel/index.tsx[39m
[33m13[39m:[33m10[39m  [33m[1mWarning[22m[39m: 'revalidateTag' is defined but never used. Allowed unused vars must match /^_/u.  [90m[1m@typescript-eslint/no-unused-vars[22m[39m
[33m124[39m:[33m17[39m  [33m[1mWarning[22m[39m: Promise-returning function provided to attribute where a void return was expected.  [90m[1m@typescript-eslint/no-misused-promises[22m[39m
[33m144[39m:[33m17[39m  [33m[1mWarning[22m[39m: Promise-returning function provided to attribute where a void return was expected.  [90m[1m@typescript-eslint/no-misused-promises[22m[39m

[36m./components/courses-sort/index.tsx[39m
[33m10[39m:[33m11[39m  [33m[1mWarning[22m[39m: Avoid referencing unbound methods which may cause unintentional scoping of `this`.
If your function does not access `this`, you can annotate it with `this: void`, or consider using an arrow function instead.  [90m[1m@typescript-eslint/unbound-method[22m[39m

[36m./components/lesson-control-panel/index.tsx[39m
[33m86[39m:[33m17[39m  [33m[1mWarning[22m[39m: Promise-returning function provided to attribute where a void return was expected.  [90m[1m@typescript-eslint/no-misused-promises[22m[39m

[36m./components/search-input/index.tsx[39m
[33m11[39m:[33m11[39m  [33m[1mWarning[22m[39m: Avoid referencing unbound methods which may cause unintentional scoping of `this`.
If your function does not access `this`, you can annotate it with `this: void`, or consider using an arrow function instead.  [90m[1m@typescript-eslint/unbound-method[22m[39m

[36m./components/simple-editor-view/index.tsx[39m
[33m53[39m:[33m25[39m  [33m[1mWarning[22m[39m: Unsafe argument of type `any` assigned to a parameter of type `JSONContent`.  [90m[1m@typescript-eslint/no-unsafe-argument[22m[39m

[36minfo[39m  - Need to disable some ESLint rules? Learn more here: https://nextjs.org/docs/basic-features/eslint#disabling-rules
[?25l [37m[1m [22m[39m Linting and checking validity of types  [36m.[39m[2K[1G[?25h [37m[1m [22m[39m Linting and checking validity of types     [32m[1m✓[22m[39m Linting and checking validity of types 
[?25l [37m[1m [22m[39m Collecting page data  [36m.[39m[2K[1G [37m[1m [22m[39m Collecting page data  [36m..[39m[2K[1G [37m[1m [22m[39m Collecting page data  [36m...[39m[2K[1G[?25h [37m[1m [22m[39m Collecting page data     [32m[1m✓[22m[39m Collecting page data 
[?25l [37m[1m [22m[39m Generating static pages (0/15)  [36m[    ][39m[2K[1G [37m[1m [22m[39m Generating static pages (0/15)  [36m[=   ][39m[2K[1G [37m[1m [22m[39m Generating static pages (9/15)  [36m[==  ][39m[2K[1G[?25h [32m[1m✓[22m[39m Generating static pages (15/15)
[?25l [37m[1m [22m[39m Finalizing page optimization  [36m.[39m[?25l [37m[1m [22m[39m Collecting build traces  [36m.[39m[2K[1G [37m[1m [22m[39m Finalizing page optimization  [36m..[39m[2K[1G [37m[1m [22m[39m Collecting build traces  [36m..[39m[2K[1G [37m[1m [22m[39m Finalizing page optimization  [36m...[39m[2K[1G [37m[1m [22m[39m Collecting build traces  [36m...[39m[2K[1G [37m[1m [22m[39m Finalizing page optimization  [36m.[39m[2K[1G [37m[1m [22m[39m Collecting build traces  [36m.[39m[2K[1G [37m[1m [22m[39m Finalizing page optimization  [36m..[39m[2K[1G [37m[1m [22m[39m Collecting build traces  [36m..[39m[2K[1G [37m[1m [22m[39m Finalizing page optimization  [36m...[39m[2K[1G [37m[1m [22m[39m Collecting build traces  [36m...[39m[2K[1G [37m[1m [22m[39m Finalizing page optimization  [36m.[39m[2K[1G [37m[1m [22m[39m Collecting build traces  [36m.[39m[2K[1G [37m[1m [22m[39m Finalizing page optimization  [36m..[39m[2K[1G [37m[1m [22m[39m Collecting build traces  [36m..[39m[2K[1G [37m[1m [22m[39m Finalizing page optimization  [36m...[39m[2K[1G [37m[1m [22m[39m Collecting build traces  [36m...[39m[2K[1G [37m[1m [22m[39m Finalizing page optimization  [36m.[39m[2K[1G [37m[1m [22m[39m Collecting build traces  [36m.[39m[2K[1G[?25h [37m[1m [22m[39m Collecting build traces     [32m[1m✓[22m[39m Collecting build traces 
[2K[1G[?25h [37m[1m [22m[39m Finalizing page optimization     [32m[1m✓[22m[39m Finalizing page optimization 

[4mRoute (app)[24m                                            [4mSize[24m     [4mFirst Load JS[24m
┌ ○ /                                                  1.52 kB         [37m[1m229 kB[22m[39m
├ ○ /_not-found                                        880 B          [37m[1m88.2 kB[22m[39m
├ ƒ /api/auth                                          0 B                [37m[1m0 B[22m[39m
├ ƒ /api/courses                                       0 B                [37m[1m0 B[22m[39m
├ ƒ /api/lessons                                       0 B                [37m[1m0 B[22m[39m
├ ƒ /api/lessons/progression                           0 B                [37m[1m0 B[22m[39m
├ ƒ /api/storage/upload                                0 B                [37m[1m0 B[22m[39m
├ ƒ /courses                                           1.66 kB         [37m[1m245 kB[22m[39m
├ ƒ /courses/[courseId]                                4.21 kB         [37m[1m368 kB[22m[39m
├ ƒ /courses/[courseId]/lessons/[lessonId]             2.21 kB         [37m[1m373 kB[22m[39m
├ ○ /create-account                                    1.53 kB         [37m[1m236 kB[22m[39m
├ ○ /login                                             2.52 kB         [37m[1m133 kB[22m[39m
├ ƒ /studio/courses                                    1.65 kB         [37m[1m245 kB[22m[39m
├ ƒ /studio/courses/[courseId]                         6.95 kB         [37m[1m370 kB[22m[39m
├ ƒ /studio/courses/[courseId]/edit-lesson/[lessonId]  4.8 kB          [37m[1m392 kB[22m[39m
├ ƒ /studio/courses/[courseId]/lessons/[lessonId]      4.08 kB         [37m[1m375 kB[22m[39m
├ ƒ /studio/courses/[courseId]/new-lesson              4.78 kB         [37m[1m392 kB[22m[39m
├ ƒ /studio/edit-course/[courseId]                     6.26 kB         [37m[1m370 kB[22m[39m
└ ƒ /studio/new-course                                 4.63 kB         [37m[1m361 kB[22m[39m
+ First Load JS shared by all                          [37m[1m87.3 kB[22m[39m
  ├ chunks/8694-1a6845468016d2d3.js                    31.6 kB
  ├ chunks/c4b98689-5c3ed4c74f349cfd.js                53.6 kB
  └ other shared chunks (total)                        2.05 kB


ƒ Middleware                                           [37m[1m30.3 kB[22m[39m

○  (Static)   prerendered as static content
ƒ  (Dynamic)  server-rendered on demand

[?25h
